<?xml version="1.0" encoding="UTF-8"?>
<!-- Generated by org.testng.reporters.JUnitXMLReporter -->
<testsuite hostname="DESKTOP-DP4FKH7" ignored="1" name="Default test" tests="1" failures="0" timestamp="22 Jun 2021 20:36:18 GMT" time="12.122" errors="0">
  <testcase name="openBrowser" time="3.592" classname="automation.vaccinationSlot.testScript.VaccinationSlot"/>
  <testcase name="searchByPIN" time="0.0" classname="automation.vaccinationSlot.testScript.VaccinationSlot">
    <ignored/>
  </testcase> <!-- searchByPIN -->
</testsuite> <!-- Default test -->
