<?xml version="1.0" encoding="UTF-8"?>
<testng-results skipped="0" failed="0" ignored="1" total="2" passed="1">
  <reporter-output>
  </reporter-output>
  <suite name="Default suite" duration-ms="12122" started-at="2021-06-22T20:36:06Z" finished-at="2021-06-22T20:36:18Z">
    <groups>
    </groups>
    <test name="Default test" duration-ms="12122" started-at="2021-06-22T20:36:06Z" finished-at="2021-06-22T20:36:18Z">
      <class name="automation.vaccinationSlot.testScript.VaccinationSlot">
        <test-method status="PASS" signature="beforeTest()[pri:0, instance:automation.vaccinationSlot.testScript.VaccinationSlot@76707e36]" name="beforeTest" is-config="true" duration-ms="2678" started-at="2021-06-22T20:36:06Z" finished-at="2021-06-22T20:36:09Z">
          <reporter-output>
          </reporter-output>
        </test-method> <!-- beforeTest -->
        <test-method status="PASS" signature="openBrowser()[pri:0, instance:automation.vaccinationSlot.testScript.VaccinationSlot@76707e36]" name="openBrowser" duration-ms="3592" started-at="2021-06-22T20:36:09Z" finished-at="2021-06-22T20:36:12Z">
          <reporter-output>
          </reporter-output>
        </test-method> <!-- openBrowser -->
        <test-method status="PASS" signature="afterTest()[pri:0, instance:automation.vaccinationSlot.testScript.VaccinationSlot@76707e36]" name="afterTest" is-config="true" duration-ms="5812" started-at="2021-06-22T20:36:12Z" finished-at="2021-06-22T20:36:18Z">
          <reporter-output>
          </reporter-output>
        </test-method> <!-- afterTest -->
        <test-method status="PASS" signature="afterSuite()[pri:0, instance:automation.vaccinationSlot.testScript.VaccinationSlot@76707e36]" name="afterSuite" is-config="true" duration-ms="0" started-at="2021-06-22T20:36:18Z" finished-at="2021-06-22T20:36:18Z">
          <reporter-output>
          </reporter-output>
        </test-method> <!-- afterSuite -->
      </class> <!-- automation.vaccinationSlot.testScript.VaccinationSlot -->
    </test> <!-- Default test -->
  </suite> <!-- Default suite -->
</testng-results>
